2021-06-12 22:41:52,065 INFO o.s.b.StartupInfoLogger [main] Starting MarvelComicsApplication using Java 1.8.0_231 on C02V21T0HTD8 with PID 3862 (/Users/kirankumardevaraja/Desktop/marvel-comics/target/classes started by kirankumardevaraja in /Users/kirankumardevaraja/Desktop/marvel-comics)
2021-06-12 22:41:52,070 DEBUG o.s.b.StartupInfoLogger [main] Running with Spring Boot v2.5.0, Spring v5.3.7
2021-06-12 22:41:52,071 INFO o.s.b.SpringApplication [main] No active profile set, falling back to default profiles: default
2021-06-12 22:41:52,687 INFO o.s.b.w.e.t.TomcatWebServer [main] Tomcat initialized with port(s): 8080 (http)
2021-06-12 22:41:52,697 INFO o.a.j.l.DirectJDKLog [main] Initializing ProtocolHandler ["http-nio-8080"]
2021-06-12 22:41:52,698 INFO o.a.j.l.DirectJDKLog [main] Starting service [Tomcat]
2021-06-12 22:41:52,698 INFO o.a.j.l.DirectJDKLog [main] Starting Servlet engine: [Apache Tomcat/9.0.46]
2021-06-12 22:41:52,746 INFO o.a.j.l.DirectJDKLog [main] Initializing Spring embedded WebApplicationContext
2021-06-12 22:41:52,746 INFO o.s.b.w.s.c.ServletWebServerApplicationContext [main] Root WebApplicationContext: initialization completed in 611 ms
2021-06-12 22:41:53,022 INFO o.a.j.l.DirectJDKLog [main] Starting ProtocolHandler ["http-nio-8080"]
2021-06-12 22:41:53,039 INFO o.s.b.w.e.t.TomcatWebServer [main] Tomcat started on port(s): 8080 (http) with context path '/v1/public'
2021-06-12 22:41:53,046 INFO o.s.b.StartupInfoLogger [main] Started MarvelComicsApplication in 1.233 seconds (JVM running for 1.906)
2021-06-12 22:41:53,047 INFO o.s.b.a.ApplicationAvailabilityBean [main] Application availability state LivenessState changed to CORRECT
2021-06-12 22:41:53,048 INFO o.s.b.a.ApplicationAvailabilityBean [main] Application availability state ReadinessState changed to ACCEPTING_TRAFFIC
2021-06-12 22:41:53,504 INFO o.a.j.l.DirectJDKLog [http-nio-8080-exec-1] Initializing Spring DispatcherServlet 'dispatcherServlet'
2021-06-12 22:41:53,505 INFO o.s.w.s.FrameworkServlet [http-nio-8080-exec-1] Initializing Servlet 'dispatcherServlet'
2021-06-12 22:41:53,506 INFO o.s.w.s.FrameworkServlet [http-nio-8080-exec-1] Completed initialization in 1 ms
2021-06-12 22:41:53,519 TRACE c.m.c.c.MarvelCharactersController [http-nio-8080-exec-1] Get All Charecters Request Received!
2021-06-12 22:41:53,569 TRACE c.m.c.c.MarvelCharactersController [http-nio-8080-exec-1] Get All Charecters Request Completed!
2021-06-12 22:42:43,807 INFO o.s.b.a.SpringApplicationAdminMXBeanRegistrar$SpringApplicationAdmin [RMI TCP Connection(2)-127.0.0.1] Application shutdown requested.
2021-06-12 22:42:43,807 INFO o.s.b.a.ApplicationAvailabilityBean [RMI TCP Connection(2)-127.0.0.1] Application availability state ReadinessState changed from ACCEPTING_TRAFFIC to REFUSING_TRAFFIC
